<?xml version="1.0" encoding="UTF-8"?>
<testng-results ignored="0" total="1" passed="1" failed="0" skipped="0">
  <reporter-output>
  </reporter-output>
  <suite started-at="2023-12-15T22:09:19 ICT" name="Default suite" finished-at="2023-12-15T22:09:22 ICT" duration-ms="3129">
    <groups>
    </groups>
    <test started-at="2023-12-15T22:09:19 ICT" name="Default test" finished-at="2023-12-15T22:09:22 ICT" duration-ms="3129">
      <class name="com.openapi.test.Amenities">
        <test-method signature="getAmenites()[pri:0, instance:com.openapi.test.Amenities@433d61fb]" started-at="2023-12-15T22:09:19 ICT" name="getAmenites" finished-at="2023-12-15T22:09:22 ICT" duration-ms="3089" status="PASS">
          <reporter-output>
          </reporter-output>
        </test-method> <!-- getAmenites -->
      </class> <!-- com.openapi.test.Amenities -->
    </test> <!-- Default test -->
  </suite> <!-- Default suite -->
</testng-results>
