<?xml version="1.0" encoding="UTF-8"?>
<testng-results ignored="0" total="1" passed="1" failed="0" skipped="0">
  <reporter-output>
  </reporter-output>
  <suite started-at="2023-12-16T11:49:28 ICT" name="Default suite" finished-at="2023-12-16T11:49:35 ICT" duration-ms="6471">
    <groups>
    </groups>
    <test started-at="2023-12-16T11:49:28 ICT" name="Default test" finished-at="2023-12-16T11:49:35 ICT" duration-ms="6471">
      <class name="com.openapi.test.Listing">
        <test-method signature="getAllListing()[pri:0, instance:com.openapi.test.Listing@4b14c583]" started-at="2023-12-16T11:49:28 ICT" name="getAllListing" finished-at="2023-12-16T11:49:35 ICT" duration-ms="6438" status="PASS">
          <reporter-output>
          </reporter-output>
        </test-method> <!-- getAllListing -->
      </class> <!-- com.openapi.test.Listing -->
    </test> <!-- Default test -->
  </suite> <!-- Default suite -->
</testng-results>
