<?xml version="1.0" encoding="UTF-8"?>
<testng-results ignored="0" total="1" passed="1" failed="0" skipped="0">
  <reporter-output>
  </reporter-output>
  <suite started-at="2023-12-13T22:02:29 ICT" name="Default suite" finished-at="2023-12-13T22:02:33 ICT" duration-ms="4150">
    <groups>
    </groups>
    <test started-at="2023-12-13T22:02:29 ICT" name="Default test" finished-at="2023-12-13T22:02:33 ICT" duration-ms="4150">
      <class name="tests.SoapXMLRequest">
        <test-method signature="validateSoapXML()[pri:0, instance:tests.SoapXMLRequest@2ea227af]" started-at="2023-12-13T22:02:29 ICT" name="validateSoapXML" finished-at="2023-12-13T22:02:33 ICT" duration-ms="4118" status="PASS">
          <reporter-output>
          </reporter-output>
        </test-method> <!-- validateSoapXML -->
      </class> <!-- tests.SoapXMLRequest -->
    </test> <!-- Default test -->
  </suite> <!-- Default suite -->
</testng-results>
