<?xml version="1.0" encoding="UTF-8"?>
<testng-results ignored="0" total="1" passed="1" failed="0" skipped="0">
  <reporter-output>
  </reporter-output>
  <suite started-at="2023-12-23T13:50:52 ICT" name="Default suite" finished-at="2023-12-23T13:50:56 ICT" duration-ms="4556">
    <groups>
    </groups>
    <test started-at="2023-12-23T13:50:52 ICT" name="Default test" finished-at="2023-12-23T13:50:56 ICT" duration-ms="4556">
      <class name="Lesson20_12.RequestResponse_Logging11_65">
        <test-method signature="Logging_BackList_Header()[pri:0, instance:Lesson20_12.RequestResponse_Logging11_65@1534f01b]" started-at="2023-12-23T13:50:52 ICT" name="Logging_BackList_Header" finished-at="2023-12-23T13:50:56 ICT" duration-ms="4528" status="PASS">
          <reporter-output>
          </reporter-output>
        </test-method> <!-- Logging_BackList_Header -->
      </class> <!-- Lesson20_12.RequestResponse_Logging11_65 -->
    </test> <!-- Default test -->
  </suite> <!-- Default suite -->
</testng-results>
